[2024-04-05 10:20:07,503: INFO: main: Welcome to our custom log]
[2024-04-05 10:42:07,235: INFO: main: Welcome to our custom log]
[2024-04-06 18:37:16,195: INFO: main: >>>>>> stage Data Ingestion Stage started <<<<<<]
[2024-04-06 18:37:16,197: INFO: common: yaml file: config/config.yaml loaded successfully]
[2024-04-06 18:37:16,198: INFO: common: yaml file: params.yaml loaded successfully]
[2024-04-06 18:37:16,198: INFO: common: Created directory at : artifacts]
[2024-04-06 18:37:16,198: INFO: common: Created directory at : artifacts/data_ingestion]
[2024-04-06 18:37:16,198: INFO: data_ingestion: Downloading data from https://drive.google.com/file/d/1RjY6ZECBmV9cLQHTLOh8VpOHd2cQkEeU/view?usp=drive_link into file artifacts/data_ingestion/data.zip]
[2024-04-06 18:41:01,141: INFO: data_ingestion: Dowmloaded data from https://drive.google.com/file/d/1RjY6ZECBmV9cLQHTLOh8VpOHd2cQkEeU/view?usp=drive_link into file artifacts/data_ingestion/data.zip]
[2024-04-06 18:41:12,684: INFO: main: >>>>>> stage Data Ingestion Stage completed <<<<<<

X================X]
[2024-04-07 23:49:02,261: INFO: common: yaml file: config/config.yaml loaded successfully]
[2024-04-07 23:49:02,276: INFO: common: yaml file: params.yaml loaded successfully]
[2024-04-07 23:49:02,279: INFO: common: Created directory at : artifacts]
[2024-04-07 23:49:02,281: INFO: common: Created directory at : artifacts/prepare_base_model]
[2024-04-07 23:53:16,773: INFO: common: yaml file: config/config.yaml loaded successfully]
[2024-04-07 23:53:16,778: INFO: common: yaml file: params.yaml loaded successfully]
[2024-04-07 23:53:16,780: INFO: common: Created directory at : artifacts]
[2024-04-07 23:53:16,782: INFO: common: Created directory at : artifacts/prepare_base_model]
[2024-04-07 23:54:01,771: WARNING: saving_utils: Compiled the loaded model, but the compiled metrics have yet to be built. `model.compile_metrics` will be empty until you train or evaluate the model.]
[2024-04-07 23:57:36,637: INFO: common: yaml file: config/config.yaml loaded successfully]
[2024-04-07 23:57:36,640: INFO: common: yaml file: params.yaml loaded successfully]
[2024-04-07 23:57:36,641: INFO: common: Created directory at : artifacts]
[2024-04-07 23:57:36,642: INFO: common: Created directory at : artifacts/prepare_base_model]
[2024-04-07 23:57:39,791: WARNING: saving_utils: Compiled the loaded model, but the compiled metrics have yet to be built. `model.compile_metrics` will be empty until you train or evaluate the model.]
[2024-04-08 00:01:15,781: INFO: common: yaml file: config/config.yaml loaded successfully]
[2024-04-08 00:01:15,784: INFO: common: yaml file: params.yaml loaded successfully]
[2024-04-08 00:01:15,785: INFO: common: Created directory at : artifacts]
[2024-04-08 00:01:15,786: INFO: common: Created directory at : artifacts/prepare_base_model]
[2024-04-08 00:01:19,093: WARNING: saving_utils: Compiled the loaded model, but the compiled metrics have yet to be built. `model.compile_metrics` will be empty until you train or evaluate the model.]
[2024-04-08 00:01:19,777: WARNING: optimizer: At this time, the v2.11+ optimizer `tf.keras.optimizers.SGD` runs slowly on M1/M2 Macs, please use the legacy Keras optimizer instead, located at `tf.keras.optimizers.legacy.SGD`.]
[2024-04-08 00:02:10,154: INFO: common: yaml file: config/config.yaml loaded successfully]
[2024-04-08 00:02:10,159: INFO: common: yaml file: params.yaml loaded successfully]
[2024-04-08 00:02:10,160: INFO: common: Created directory at : artifacts]
[2024-04-08 00:02:10,161: INFO: common: Created directory at : artifacts/prepare_base_model]
[2024-04-08 00:02:13,443: WARNING: saving_utils: Compiled the loaded model, but the compiled metrics have yet to be built. `model.compile_metrics` will be empty until you train or evaluate the model.]
[2024-04-08 00:02:14,053: WARNING: optimizer: At this time, the v2.11+ optimizer `tf.keras.optimizers.Adam` runs slowly on M1/M2 Macs, please use the legacy Keras optimizer instead, located at `tf.keras.optimizers.legacy.Adam`.]
[2024-04-08 00:03:29,816: INFO: common: yaml file: config/config.yaml loaded successfully]
[2024-04-08 00:03:29,818: INFO: common: yaml file: params.yaml loaded successfully]
[2024-04-08 00:03:29,819: INFO: common: Created directory at : artifacts]
[2024-04-08 00:03:29,819: INFO: common: Created directory at : artifacts/prepare_base_model]
[2024-04-08 00:03:32,873: WARNING: saving_utils: Compiled the loaded model, but the compiled metrics have yet to be built. `model.compile_metrics` will be empty until you train or evaluate the model.]
[2024-04-08 00:03:33,531: WARNING: optimizer: At this time, the v2.11+ optimizer `tf.keras.optimizers.Adam` runs slowly on M1/M2 Macs, please use the legacy Keras optimizer instead, located at `tf.keras.optimizers.legacy.Adam`.]
[2024-04-08 00:59:35,851: INFO: main: >>>>>> stage Data Ingestion Stage started <<<<<<]
[2024-04-08 00:59:35,852: INFO: common: yaml file: config/config.yaml loaded successfully]
[2024-04-08 00:59:35,853: INFO: common: yaml file: params.yaml loaded successfully]
[2024-04-08 00:59:35,853: INFO: common: Created directory at : artifacts]
[2024-04-08 00:59:35,853: INFO: common: Created directory at : artifacts/data_ingestion]
[2024-04-08 00:59:35,853: INFO: data_ingestion: Downloading data from https://drive.google.com/file/d/1RjY6ZECBmV9cLQHTLOh8VpOHd2cQkEeU/view?usp=drive_link into file artifacts/data_ingestion/data.zip]
[2024-04-08 01:04:21,512: INFO: data_ingestion: Dowmloaded data from https://drive.google.com/file/d/1RjY6ZECBmV9cLQHTLOh8VpOHd2cQkEeU/view?usp=drive_link into file artifacts/data_ingestion/data.zip]
[2024-04-08 01:04:33,641: INFO: main: >>>>>> stage Data Ingestion Stage completed <<<<<<

X================X]
[2024-04-08 01:04:33,641: INFO: main: ****************************]
[2024-04-08 01:04:33,641: INFO: main: >>>>>>>>>> stage Prepare base model started <<<<<<<<<<<<<<<<]
[2024-04-08 01:04:33,643: INFO: common: yaml file: config/config.yaml loaded successfully]
[2024-04-08 01:04:33,644: INFO: common: yaml file: params.yaml loaded successfully]
[2024-04-08 01:04:33,644: INFO: common: Created directory at : artifacts]
[2024-04-08 01:04:33,644: INFO: common: Created directory at : artifacts/prepare_base_model]
[2024-04-08 01:04:36,560: WARNING: saving_utils: Compiled the loaded model, but the compiled metrics have yet to be built. `model.compile_metrics` will be empty until you train or evaluate the model.]
[2024-04-08 01:04:37,160: WARNING: optimizer: At this time, the v2.11+ optimizer `tf.keras.optimizers.Adam` runs slowly on M1/M2 Macs, please use the legacy Keras optimizer instead, located at `tf.keras.optimizers.legacy.Adam`.]
[2024-04-08 01:04:37,718: INFO: main: >>>>>>>>> stage Prepare base model completed <<<<<<<<<<<<<< 

X==================X]
[2024-04-10 00:22:41,553: INFO: common: yaml file: config/config.yaml loaded successfully]
[2024-04-10 00:22:41,562: INFO: common: yaml file: params.yaml loaded successfully]
[2024-04-10 00:22:41,564: INFO: common: Created directory at : artifacts]
[2024-04-10 00:22:41,566: INFO: common: Created directory at : artifacts/training]
[2024-04-10 00:24:38,661: INFO: common: yaml file: config/config.yaml loaded successfully]
[2024-04-10 00:24:38,664: INFO: common: yaml file: params.yaml loaded successfully]
[2024-04-10 00:24:38,664: INFO: common: Created directory at : artifacts]
[2024-04-10 00:24:38,666: INFO: common: Created directory at : artifacts/training]
[2024-04-10 00:24:43,705: WARNING: optimizer: At this time, the v2.11+ optimizer `tf.keras.optimizers.Adam` runs slowly on M1/M2 Macs, please use the legacy Keras optimizer instead, located at `tf.keras.optimizers.legacy.Adam`.]
[2024-04-10 00:29:21,273: INFO: common: yaml file: config/config.yaml loaded successfully]
[2024-04-10 00:29:21,279: INFO: common: yaml file: params.yaml loaded successfully]
[2024-04-10 00:29:21,281: INFO: common: Created directory at : artifacts]
[2024-04-10 00:29:21,284: INFO: common: Created directory at : artifacts/training]
[2024-04-10 00:29:24,989: WARNING: optimizer: At this time, the v2.11+ optimizer `tf.keras.optimizers.Adam` runs slowly on M1/M2 Macs, please use the legacy Keras optimizer instead, located at `tf.keras.optimizers.legacy.Adam`.]
[2024-04-10 00:32:40,551: INFO: common: yaml file: config/config.yaml loaded successfully]
[2024-04-10 00:32:40,553: INFO: common: yaml file: params.yaml loaded successfully]
[2024-04-10 00:32:40,554: INFO: common: Created directory at : artifacts]
[2024-04-10 00:32:40,556: INFO: common: Created directory at : artifacts/training]
[2024-04-10 00:32:44,019: WARNING: optimizer: At this time, the v2.11+ optimizer `tf.keras.optimizers.Adam` runs slowly on M1/M2 Macs, please use the legacy Keras optimizer instead, located at `tf.keras.optimizers.legacy.Adam`.]
[2024-04-10 00:55:56,707: INFO: main: >>>>>> stage Data Ingestion Stage started <<<<<<]
[2024-04-10 00:55:56,708: INFO: common: yaml file: config/config.yaml loaded successfully]
[2024-04-10 00:55:56,709: INFO: common: yaml file: params.yaml loaded successfully]
[2024-04-10 00:55:56,709: INFO: common: Created directory at : artifacts]
[2024-04-10 00:55:56,709: INFO: common: Created directory at : artifacts/data_ingestion]
[2024-04-10 00:55:56,709: INFO: data_ingestion: Downloading data from https://drive.google.com/file/d/1RjY6ZECBmV9cLQHTLOh8VpOHd2cQkEeU/view?usp=drive_link into file artifacts/data_ingestion/data.zip]
[2024-04-10 01:00:03,202: INFO: data_ingestion: Dowmloaded data from https://drive.google.com/file/d/1RjY6ZECBmV9cLQHTLOh8VpOHd2cQkEeU/view?usp=drive_link into file artifacts/data_ingestion/data.zip]
[2024-04-10 01:00:14,005: INFO: main: >>>>>> stage Data Ingestion Stage completed <<<<<<

X================X]
[2024-04-10 01:00:14,005: INFO: main: ****************************]
[2024-04-10 01:00:14,005: INFO: main: >>>>>>>>>> stage Prepare base model started <<<<<<<<<<<<<<<<]
[2024-04-10 01:00:14,007: INFO: common: yaml file: config/config.yaml loaded successfully]
[2024-04-10 01:00:14,008: INFO: common: yaml file: params.yaml loaded successfully]
[2024-04-10 01:00:14,008: INFO: common: Created directory at : artifacts]
[2024-04-10 01:00:14,008: INFO: common: Created directory at : artifacts/prepare_base_model]
[2024-04-10 01:00:16,961: WARNING: saving_utils: Compiled the loaded model, but the compiled metrics have yet to be built. `model.compile_metrics` will be empty until you train or evaluate the model.]
[2024-04-10 01:00:17,536: WARNING: optimizer: At this time, the v2.11+ optimizer `tf.keras.optimizers.Adam` runs slowly on M1/M2 Macs, please use the legacy Keras optimizer instead, located at `tf.keras.optimizers.legacy.Adam`.]
[2024-04-10 01:00:18,071: INFO: main: >>>>>>>>> stage Prepare base model completed <<<<<<<<<<<<<< 

X==================X]
[2024-04-10 01:00:18,072: INFO: main: ****************************]
[2024-04-10 01:00:18,072: INFO: main: >>>>>>>>>> stage Trainig the model started <<<<<<<<<<<<<<<<]
[2024-04-10 01:00:18,074: INFO: common: yaml file: config/config.yaml loaded successfully]
[2024-04-10 01:00:18,075: INFO: common: yaml file: params.yaml loaded successfully]
[2024-04-10 01:00:18,075: INFO: common: Created directory at : artifacts]
[2024-04-10 01:00:18,075: INFO: common: Created directory at : artifacts/training]
[2024-04-10 01:00:20,747: WARNING: optimizer: At this time, the v2.11+ optimizer `tf.keras.optimizers.Adam` runs slowly on M1/M2 Macs, please use the legacy Keras optimizer instead, located at `tf.keras.optimizers.legacy.Adam`.]
[2024-04-10 07:14:55,345: INFO: main: >>>>>> stage Data Ingestion Stage started <<<<<<]
[2024-04-10 07:14:55,347: INFO: common: yaml file: config/config.yaml loaded successfully]
[2024-04-10 07:14:55,348: INFO: common: yaml file: params.yaml loaded successfully]
[2024-04-10 07:14:55,348: INFO: common: Created directory at : artifacts]
[2024-04-10 07:14:55,348: INFO: common: Created directory at : artifacts/data_ingestion]
[2024-04-10 07:14:55,348: INFO: data_ingestion: Downloading data from https://drive.google.com/file/d/1RjY6ZECBmV9cLQHTLOh8VpOHd2cQkEeU/view?usp=drive_link into file artifacts/data_ingestion/data.zip]
[2024-04-10 07:15:15,250: INFO: main: >>>>>> stage Data Ingestion Stage started <<<<<<]
[2024-04-10 07:15:15,252: INFO: common: yaml file: config/config.yaml loaded successfully]
[2024-04-10 07:15:15,253: INFO: common: yaml file: params.yaml loaded successfully]
[2024-04-10 07:15:15,253: INFO: common: Created directory at : artifacts]
[2024-04-10 07:15:15,253: INFO: common: Created directory at : artifacts/data_ingestion]
[2024-04-10 07:15:15,253: INFO: data_ingestion: Downloading data from https://drive.google.com/file/d/1RjY6ZECBmV9cLQHTLOh8VpOHd2cQkEeU/view?usp=drive_link into file artifacts/data_ingestion/data.zip]
[2024-04-10 07:18:40,793: INFO: data_ingestion: Dowmloaded data from https://drive.google.com/file/d/1RjY6ZECBmV9cLQHTLOh8VpOHd2cQkEeU/view?usp=drive_link into file artifacts/data_ingestion/data.zip]
[2024-04-10 07:18:52,062: INFO: main: >>>>>> stage Data Ingestion Stage completed <<<<<<

X================X]
[2024-04-10 07:18:52,062: INFO: main: ****************************]
[2024-04-10 07:18:52,062: INFO: main: >>>>>>>>>> stage Prepare base model started <<<<<<<<<<<<<<<<]
[2024-04-10 07:18:52,065: INFO: common: yaml file: config/config.yaml loaded successfully]
[2024-04-10 07:18:52,065: INFO: common: yaml file: params.yaml loaded successfully]
[2024-04-10 07:18:52,066: INFO: common: Created directory at : artifacts]
[2024-04-10 07:18:52,066: INFO: common: Created directory at : artifacts/prepare_base_model]
[2024-04-10 07:18:55,087: WARNING: saving_utils: Compiled the loaded model, but the compiled metrics have yet to be built. `model.compile_metrics` will be empty until you train or evaluate the model.]
[2024-04-10 07:18:55,761: WARNING: optimizer: At this time, the v2.11+ optimizer `tf.keras.optimizers.Adam` runs slowly on M1/M2 Macs, please use the legacy Keras optimizer instead, located at `tf.keras.optimizers.legacy.Adam`.]
[2024-04-10 07:18:56,485: INFO: main: >>>>>>>>> stage Prepare base model completed <<<<<<<<<<<<<< 

X==================X]
[2024-04-10 07:18:56,487: INFO: main: ****************************]
[2024-04-10 07:18:56,487: INFO: main: >>>>>>>>>> stage Trainig the model started <<<<<<<<<<<<<<<<]
[2024-04-10 07:18:56,488: INFO: common: yaml file: config/config.yaml loaded successfully]
[2024-04-10 07:18:56,490: INFO: common: yaml file: params.yaml loaded successfully]
[2024-04-10 07:18:56,490: INFO: common: Created directory at : artifacts]
[2024-04-10 07:18:56,490: INFO: common: Created directory at : artifacts/training]
[2024-04-10 07:18:59,234: WARNING: optimizer: At this time, the v2.11+ optimizer `tf.keras.optimizers.Adam` runs slowly on M1/M2 Macs, please use the legacy Keras optimizer instead, located at `tf.keras.optimizers.legacy.Adam`.]
[2024-04-10 07:37:21,726: INFO: common: yaml file: config/config.yaml loaded successfully]
[2024-04-10 07:37:21,736: INFO: common: yaml file: params.yaml loaded successfully]
[2024-04-10 07:37:21,737: INFO: common: Created directory at : artifacts]
[2024-04-10 07:37:21,741: INFO: common: Created directory at : artifacts/training]
[2024-04-10 07:37:32,340: WARNING: optimizer: At this time, the v2.11+ optimizer `tf.keras.optimizers.Adam` runs slowly on M1/M2 Macs, please use the legacy Keras optimizer instead, located at `tf.keras.optimizers.legacy.Adam`.]
[2024-04-10 07:37:59,851: INFO: common: yaml file: config/config.yaml loaded successfully]
[2024-04-10 07:37:59,857: INFO: common: yaml file: params.yaml loaded successfully]
[2024-04-10 07:37:59,859: INFO: common: Created directory at : artifacts]
[2024-04-10 07:37:59,861: INFO: common: Created directory at : artifacts/training]
[2024-04-10 07:38:07,164: WARNING: optimizer: At this time, the v2.11+ optimizer `tf.keras.optimizers.Adam` runs slowly on M1/M2 Macs, please use the legacy Keras optimizer instead, located at `tf.keras.optimizers.legacy.Adam`.]
[2024-04-10 13:50:16,430: INFO: common: yaml file: config/config.yaml loaded successfully]
[2024-04-10 13:50:16,436: INFO: common: yaml file: params.yaml loaded successfully]
[2024-04-10 13:50:16,437: INFO: common: Created directory at : artifacts]
[2024-04-10 13:50:16,439: INFO: common: Created directory at : artifacts/training]
[2024-04-10 13:50:20,155: WARNING: optimizer: At this time, the v2.11+ optimizer `tf.keras.optimizers.Adam` runs slowly on M1/M2 Macs, please use the legacy Keras optimizer instead, located at `tf.keras.optimizers.legacy.Adam`.]
[2024-04-10 14:16:33,550: INFO: main: >>>>>> stage Data Ingestion Stage started <<<<<<]
[2024-04-10 14:16:33,551: INFO: common: yaml file: config/config.yaml loaded successfully]
[2024-04-10 14:16:33,552: INFO: common: yaml file: params.yaml loaded successfully]
[2024-04-10 14:16:33,552: INFO: common: Created directory at : artifacts]
[2024-04-10 14:16:33,552: INFO: common: Created directory at : artifacts/data_ingestion]
[2024-04-10 14:16:33,552: INFO: data_ingestion: Downloading data from https://drive.google.com/file/d/1RjY6ZECBmV9cLQHTLOh8VpOHd2cQkEeU/view?usp=drive_link into file artifacts/data_ingestion/data.zip]
[2024-04-10 14:17:48,797: INFO: main: >>>>>> stage Data Ingestion Stage started <<<<<<]
[2024-04-10 14:17:48,798: INFO: common: yaml file: config/config.yaml loaded successfully]
[2024-04-10 14:17:48,799: INFO: common: yaml file: params.yaml loaded successfully]
[2024-04-10 14:17:48,799: INFO: common: Created directory at : artifacts]
[2024-04-10 14:17:48,799: INFO: common: Created directory at : artifacts/data_ingestion]
[2024-04-10 14:17:48,799: INFO: data_ingestion: Downloading data from https://drive.google.com/file/d/1RjY6ZECBmV9cLQHTLOh8VpOHd2cQkEeU/view?usp=drive_link into file artifacts/data_ingestion/data.zip]
[2024-04-10 14:19:18,531: INFO: main: >>>>>> stage Data Ingestion Stage started <<<<<<]
[2024-04-10 14:19:18,532: INFO: common: yaml file: config/config.yaml loaded successfully]
[2024-04-10 14:19:18,532: INFO: common: yaml file: params.yaml loaded successfully]
[2024-04-10 14:19:18,533: INFO: common: Created directory at : artifacts]
[2024-04-10 14:19:18,533: INFO: common: Created directory at : artifacts/data_ingestion]
[2024-04-10 14:19:18,533: INFO: data_ingestion: Downloading data from https://drive.google.com/file/d/1RjY6ZECBmV9cLQHTLOh8VpOHd2cQkEeU/view?usp=drive_link into file artifacts/data_ingestion/data.zip]
[2024-04-10 14:21:43,696: INFO: data_ingestion: Dowmloaded data from https://drive.google.com/file/d/1RjY6ZECBmV9cLQHTLOh8VpOHd2cQkEeU/view?usp=drive_link into file artifacts/data_ingestion/data.zip]
[2024-04-10 14:21:58,527: INFO: main: >>>>>> stage Data Ingestion Stage completed <<<<<<

X================X]
[2024-04-10 14:21:58,532: INFO: main: ****************************]
[2024-04-10 14:21:58,532: INFO: main: >>>>>>>>>> stage Prepare base model started <<<<<<<<<<<<<<<<]
[2024-04-10 14:21:58,535: INFO: common: yaml file: config/config.yaml loaded successfully]
[2024-04-10 14:21:58,538: INFO: common: yaml file: params.yaml loaded successfully]
[2024-04-10 14:21:58,538: INFO: common: Created directory at : artifacts]
[2024-04-10 14:21:58,538: INFO: common: Created directory at : artifacts/prepare_base_model]
[2024-04-10 14:22:02,016: WARNING: saving_utils: Compiled the loaded model, but the compiled metrics have yet to be built. `model.compile_metrics` will be empty until you train or evaluate the model.]
[2024-04-10 14:22:03,002: WARNING: optimizer: At this time, the v2.11+ optimizer `tf.keras.optimizers.Adam` runs slowly on M1/M2 Macs, please use the legacy Keras optimizer instead, located at `tf.keras.optimizers.legacy.Adam`.]
[2024-04-10 14:22:04,058: INFO: main: >>>>>>>>> stage Prepare base model completed <<<<<<<<<<<<<< 

X==================X]
[2024-04-10 14:22:04,059: INFO: main: ****************************]
[2024-04-10 14:22:04,059: INFO: main: >>>>>>>>>> stage Trainig the model started <<<<<<<<<<<<<<<<]
[2024-04-10 14:22:04,062: INFO: common: yaml file: config/config.yaml loaded successfully]
[2024-04-10 14:22:04,063: INFO: common: yaml file: params.yaml loaded successfully]
[2024-04-10 14:22:04,063: INFO: common: Created directory at : artifacts]
[2024-04-10 14:22:04,064: INFO: common: Created directory at : artifacts/training]
[2024-04-10 14:22:07,124: WARNING: optimizer: At this time, the v2.11+ optimizer `tf.keras.optimizers.Adam` runs slowly on M1/M2 Macs, please use the legacy Keras optimizer instead, located at `tf.keras.optimizers.legacy.Adam`.]
[2024-04-10 14:31:11,979: INFO: main: >>>>>> stage Data Ingestion Stage started <<<<<<]
[2024-04-10 14:31:11,980: INFO: common: yaml file: config/config.yaml loaded successfully]
[2024-04-10 14:31:11,981: INFO: common: yaml file: params.yaml loaded successfully]
[2024-04-10 14:31:11,982: INFO: common: Created directory at : artifacts]
[2024-04-10 14:31:11,982: INFO: common: Created directory at : artifacts/data_ingestion]
[2024-04-10 14:31:11,982: INFO: data_ingestion: Downloading data from https://drive.google.com/file/d/1RjY6ZECBmV9cLQHTLOh8VpOHd2cQkEeU/view?usp=drive_link into file artifacts/data_ingestion/data.zip]
[2024-04-10 14:34:27,680: INFO: data_ingestion: Dowmloaded data from https://drive.google.com/file/d/1RjY6ZECBmV9cLQHTLOh8VpOHd2cQkEeU/view?usp=drive_link into file artifacts/data_ingestion/data.zip]
[2024-04-10 14:34:42,656: INFO: main: >>>>>> stage Data Ingestion Stage completed <<<<<<

X================X]
[2024-04-10 14:34:42,659: INFO: main: ****************************]
[2024-04-10 14:34:42,659: INFO: main: >>>>>>>>>> stage Prepare base model started <<<<<<<<<<<<<<<<]
[2024-04-10 14:34:42,670: INFO: common: yaml file: config/config.yaml loaded successfully]
[2024-04-10 14:34:42,672: INFO: common: yaml file: params.yaml loaded successfully]
[2024-04-10 14:34:42,673: INFO: common: Created directory at : artifacts]
[2024-04-10 14:34:42,673: INFO: common: Created directory at : artifacts/prepare_base_model]
[2024-04-10 14:34:47,170: WARNING: saving_utils: Compiled the loaded model, but the compiled metrics have yet to be built. `model.compile_metrics` will be empty until you train or evaluate the model.]
[2024-04-10 14:34:48,840: INFO: main: >>>>>>>>> stage Prepare base model completed <<<<<<<<<<<<<< 

X==================X]
[2024-04-10 14:34:48,841: INFO: main: ****************************]
[2024-04-10 14:34:48,841: INFO: main: >>>>>>>>>> stage Trainig the model started <<<<<<<<<<<<<<<<]
[2024-04-10 14:34:48,844: INFO: common: yaml file: config/config.yaml loaded successfully]
[2024-04-10 14:34:48,845: INFO: common: yaml file: params.yaml loaded successfully]
[2024-04-10 14:34:48,846: INFO: common: Created directory at : artifacts]
[2024-04-10 14:34:48,846: INFO: common: Created directory at : artifacts/training]
