[2024-04-06 16:53:46,805: INFO: common: yaml file: config/config.yaml loaded successfully]
[2024-04-06 16:53:46,810: INFO: common: yaml file: params.yaml loaded successfully]
[2024-04-06 16:53:46,812: INFO: common: Created directory at : artifacts]
[2024-04-06 16:53:46,812: INFO: common: Created directory at : artifacts/data_ingestion]
[2024-04-06 16:55:23,168: INFO: common: yaml file: config/config.yaml loaded successfully]
[2024-04-06 16:55:23,170: INFO: common: yaml file: params.yaml loaded successfully]
[2024-04-06 16:55:23,172: INFO: common: Created directory at : artifacts]
[2024-04-06 16:55:23,173: INFO: common: Created directory at : artifacts/data_ingestion]
[2024-04-06 16:58:06,215: INFO: common: yaml file: config/config.yaml loaded successfully]
[2024-04-06 16:58:06,216: INFO: common: yaml file: params.yaml loaded successfully]
[2024-04-06 16:58:06,216: INFO: common: Created directory at : artifacts]
[2024-04-06 16:58:06,217: INFO: common: Created directory at : artifacts/data_ingestion]
[2024-04-06 16:58:56,439: INFO: common: yaml file: config/config.yaml loaded successfully]
[2024-04-06 16:58:56,440: INFO: common: yaml file: params.yaml loaded successfully]
[2024-04-06 16:58:56,441: INFO: common: Created directory at : artifacts]
[2024-04-06 16:58:56,442: INFO: common: Created directory at : artifacts/data_ingestion]
[2024-04-06 17:07:06,241: INFO: common: yaml file: config/config.yaml loaded successfully]
[2024-04-06 17:07:06,243: INFO: common: yaml file: params.yaml loaded successfully]
[2024-04-06 17:07:06,244: INFO: common: Created directory at : artifacts]
[2024-04-06 17:07:06,245: INFO: common: Created directory at : artifacts/data_ingestion]
[2024-04-06 17:08:27,315: INFO: common: yaml file: config/config.yaml loaded successfully]
[2024-04-06 17:08:27,317: INFO: common: yaml file: params.yaml loaded successfully]
[2024-04-06 17:08:27,317: INFO: common: Created directory at : artifacts]
[2024-04-06 17:08:27,318: INFO: common: Created directory at : artifacts/data_ingestion]
[2024-04-06 17:08:50,652: INFO: common: yaml file: config/config.yaml loaded successfully]
[2024-04-06 17:08:50,654: INFO: common: yaml file: params.yaml loaded successfully]
[2024-04-06 17:08:50,655: INFO: common: Created directory at : artifacts]
[2024-04-06 17:08:50,655: INFO: common: Created directory at : artifacts/data_ingestion]
[2024-04-06 17:08:58,310: INFO: common: yaml file: config/config.yaml loaded successfully]
[2024-04-06 17:08:58,311: INFO: common: yaml file: params.yaml loaded successfully]
[2024-04-06 17:08:58,311: INFO: common: Created directory at : artifacts]
[2024-04-06 17:08:58,312: INFO: common: Created directory at : artifacts/data_ingestion]
[2024-04-06 17:11:22,740: INFO: common: yaml file: config/config.yaml loaded successfully]
[2024-04-06 17:11:22,741: INFO: common: yaml file: params.yaml loaded successfully]
[2024-04-06 17:11:22,742: INFO: common: Created directory at : artifacts]
[2024-04-06 17:11:22,742: INFO: common: Created directory at : artifacts/data_ingestion]
[2024-04-06 17:13:03,488: INFO: common: yaml file: config/config.yaml loaded successfully]
[2024-04-06 17:13:03,489: INFO: common: yaml file: params.yaml loaded successfully]
[2024-04-06 17:13:03,490: INFO: common: Created directory at : artifacts]
[2024-04-06 17:13:03,491: INFO: common: Created directory at : artifacts/data_ingestion]
[2024-04-06 17:14:05,203: INFO: common: yaml file: config/config.yaml loaded successfully]
[2024-04-06 17:14:05,205: INFO: common: yaml file: params.yaml loaded successfully]
[2024-04-06 17:14:05,205: INFO: common: Created directory at : artifacts]
[2024-04-06 17:14:05,206: INFO: common: Created directory at : artifacts/data_ingestion]
[2024-04-06 17:14:05,206: INFO: 1026099227: Downloading data from https://drive.google.com/file/d/1RjY6ZECBmV9cLQHTLOh8VpOHd2cQkEeU/view?usp=drive_link into file artifacts/data_ingestion/data.zip]
[2024-04-06 17:19:18,461: INFO: 1026099227: Dowmloaded data from https://drive.google.com/file/d/1RjY6ZECBmV9cLQHTLOh8VpOHd2cQkEeU/view?usp=drive_link into file artifacts/data_ingestion/data.zip]
[2024-04-10 14:26:14,049: INFO: common: yaml file: config/config.yaml loaded successfully]
[2024-04-10 14:26:14,052: INFO: common: yaml file: params.yaml loaded successfully]
[2024-04-10 14:26:14,053: INFO: common: Created directory at : artifacts]
[2024-04-10 14:26:14,053: INFO: common: Created directory at : artifacts/training]
[2024-04-10 14:26:17,737: WARNING: optimizer: At this time, the v2.11+ optimizer `tf.keras.optimizers.Adam` runs slowly on M1/M2 Macs, please use the legacy Keras optimizer instead, located at `tf.keras.optimizers.legacy.Adam`.]
[2024-04-10 14:27:57,596: INFO: common: yaml file: config/config.yaml loaded successfully]
[2024-04-10 14:27:57,599: INFO: common: yaml file: params.yaml loaded successfully]
[2024-04-10 14:27:57,599: INFO: common: Created directory at : artifacts]
[2024-04-10 14:27:57,600: INFO: common: Created directory at : artifacts/training]
[2024-04-10 14:28:01,346: WARNING: optimizer: At this time, the v2.11+ optimizer `tf.keras.optimizers.Adam` runs slowly on M1/M2 Macs, please use the legacy Keras optimizer instead, located at `tf.keras.optimizers.legacy.Adam`.]
